\BOOKMARK [1][]{section.1}{\376\377\000I\000n\000t\000r\000o\000d\000u\000c\000t\000i\000o\000n}{}% 1
\BOOKMARK [1][]{section.2}{\376\377\000R\000e\000f\000e\000r\000e\000n\000c\000e\000\040\000f\000r\000a\000m\000e\000s}{}% 2
\BOOKMARK [2][]{subsection.2.1}{\376\377\000I\000n\000t\000e\000r\000n\000a\000t\000i\000o\000n\000a\000l\000\040\000C\000e\000l\000e\000s\000t\000i\000a\000l\000\040\000R\000e\000f\000e\000r\000e\000n\000c\000e\000\040\000F\000r\000a\000m\000e}{section.2}% 3
\BOOKMARK [2][]{subsection.2.2}{\376\377\000P\000r\000i\000n\000c\000i\000p\000a\000l\000\040\000a\000x\000e\000s\000\040\000f\000r\000a\000m\000e}{section.2}% 4
\BOOKMARK [1][]{section.3}{\376\377\000G\000e\000o\000d\000e\000s\000i\000c\000\040\000F\000o\000r\000m\000u\000l\000a\000t\000i\000o\000n\000\040\000o\000f\000\040\000R\000o\000t\000a\000t\000i\000o\000n\000a\000l\000\040\000M\000o\000t\000i\000o\000n}{}% 5
\BOOKMARK [2][]{subsection.3.1}{\376\377\000T\000h\000e\000\040\000R\000i\000g\000i\000d\000\040\000B\000o\000d\000y\000\040\000M\000e\000t\000r\000i\000c}{section.3}% 6
\BOOKMARK [1][]{section.4}{\376\377\000E\000x\000t\000e\000n\000s\000i\000o\000n\000\040\000t\000o\000\040\000T\000i\000d\000a\000l\000l\000y\000\040\000D\000e\000f\000o\000r\000m\000a\000b\000l\000e\000\040\000B\000o\000d\000i\000e\000s}{}% 7
\BOOKMARK [2][]{subsection.4.1}{\376\377\000S\000e\000c\000o\000n\000d\000\040\000o\000r\000d\000e\000r\000\040\000d\000i\000f\000f\000e\000r\000e\000n\000t\000i\000a\000l\000\040\000e\000q\000u\000a\000t\000i\000o\000n\000s\000\040\000w\000i\000t\000h\000\040\000t\000h\000e\000\040\000F\000i\000n\000s\000l\000e\000r\000\040\000m\000e\000t\000r\000i\000c}{section.4}% 8
\BOOKMARK [1][]{section.5}{\376\377\000R\000o\000t\000a\000t\000i\000o\000n\000a\000l\000\040\000e\000q\000u\000a\000t\000i\000o\000n\000s\000\040\000w\000i\000t\000h\000\040\000o\000c\000e\000a\000n\000\040\000c\000o\000u\000p\000l\000i\000n\000g}{}% 9
\BOOKMARK [1][]{section.6}{\376\377\000C\000o\000v\000a\000r\000i\000a\000n\000c\000e\000\040\000A\000n\000a\000l\000y\000s\000i\000s\000\040\000a\000n\000d\000\040\000O\000b\000s\000e\000r\000v\000a\000b\000i\000l\000i\000t\000y\000\040\000o\000f\000\040\000t\000h\000e\000\040\000I\000n\000e\000r\000t\000i\000a\000\040\000t\000e\000n\000s\000o\000r\000\040\000f\000r\000o\000m\000\040\000L\000a\000s\000e\000r\000\040\000A\000l\000t\000i\000m\000e\000t\000r\000y}{}% 10
\BOOKMARK [2][]{subsection.6.1}{\376\377\000G\000a\000n\000y\000m\000e\000d\000e\000'\000s\000\040\000r\000o\000t\000a\000t\000i\000o\000n\000a\000l\000\040\000s\000t\000a\000t\000e\000\040\000f\000r\000o\000m\000\040\000G\000A\000L\000A\000'\000s\000\040\000d\000a\000t\000a}{section.6}% 11
\BOOKMARK [2][]{subsection.6.2}{\376\377\000S\000t\000a\000t\000e\000\040\000V\000e\000c\000t\000o\000r}{section.6}% 12
\BOOKMARK [2][]{subsection.6.3}{\376\377\000S\000t\000a\000t\000e\000\040\000a\000n\000d\000\040\000p\000a\000r\000a\000m\000e\000t\000e\000r\000\040\000e\000s\000t\000i\000m\000a\000t\000i\000o\000n\000\040\000o\000f\000\040\000d\000y\000n\000a\000m\000i\000c\000a\000l\000\040\000s\000y\000s\000t\000e\000m\000s\000:\000\040\000T\000h\000e\000\040\000l\000i\000n\000e\000a\000r\000i\000z\000a\000t\000i\000o\000n\000\040\000m\000e\000t\000h\000o\000d}{section.6}% 13
\BOOKMARK [2][]{subsection.6.4}{\376\377\000C\000o\000m\000p\000u\000t\000i\000n\000g\000\040\000t\000h\000e\000\040\000S\000t\000a\000t\000e\000\040\000T\000r\000a\000n\000s\000i\000t\000i\000o\000n\000\040\000M\000a\000t\000r\000i\000x}{section.6}% 14
\BOOKMARK [2][]{subsection.6.5}{\376\377\000B\000a\000t\000c\000h\000\040\000P\000r\000o\000c\000e\000s\000s\000o\000r\000\040\000A\000l\000g\000o\000r\000i\000t\000h\000m}{section.6}% 15
\BOOKMARK [2][]{subsection.6.6}{\376\377\000R\000o\000o\000t\000\040\000m\000e\000a\000n\000\040\000s\000q\000u\000a\000r\000e}{section.6}% 16
\BOOKMARK [2][]{subsection.6.7}{\376\377\000R\000e\000f\000e\000r\000e\000n\000c\000e\000\040\000s\000t\000a\000t\000e}{section.6}% 17
\BOOKMARK [1][]{section.7}{\376\377\000R\000e\000s\000u\000l\000t\000s}{}% 18
\BOOKMARK [1][]{section.8}{\376\377\000C\000o\000n\000c\000l\000u\000s\000i\000o\000n}{}% 19
\BOOKMARK [2][]{section*.4}{\376\377\000S\000u\000p\000p\000l\000e\000m\000e\000n\000t\000a\000r\000y\000\040\000i\000n\000f\000o\000r\000m\000a\000t\000i\000o\000n}{section.8}% 20
\BOOKMARK [3][]{section*.5}{\376\377\000A\000c\000k\000n\000o\000w\000l\000e\000d\000g\000e\000m\000e\000n\000t\000s}{section*.4}% 21
\BOOKMARK [1][]{appendix.a.A}{\376\377\000E\000x\000p\000r\000e\000s\000s\000i\000o\000n\000s\000\040\000o\000f\000\040\000t\000h\000e\000\040\000m\000e\000t\000r\000i\000c\000\040\000t\000e\000n\000s\000o\000r\000\040\000a\000n\000d\000\040\000t\000h\000e\000\040\000C\000h\000r\000i\000s\000t\000o\000f\000f\000e\000l\000\040\000s\000y\000m\000b\000o\000l\000s}{}% 22
\BOOKMARK [2][]{subsection.a.A.1}{\376\377\000T\000h\000e\000\040\000c\000o\000m\000p\000o\000n\000e\000n\000t\000s\000\040\000o\000f\000\040\000t\000h\000e\000\040\000m\000e\000t\000r\000i\000c\000\040\000t\000e\000n\000s\000o\000r}{appendix.a.A}% 23
\BOOKMARK [2][]{subsection.a.A.2}{\376\377\000C\000h\000r\000i\000s\000t\000o\000f\000f\000e\000l\000\040\000s\000y\000m\000b\000o\000l\000s\000\040\000o\000f\000\040\000t\000h\000e\000\040\000f\000i\000r\000s\000t\000\040\000k\000i\000n\000d}{appendix.a.A}% 24
\BOOKMARK [2][]{subsection.a.A.3}{\376\377\000C\000h\000r\000i\000s\000t\000o\000f\000f\000e\000l\000\040\000s\000y\000m\000b\000o\000l\000\040\000o\000f\000\040\000t\000h\000e\000\040\000s\000e\000c\000o\000n\000d\000\040\000k\000i\000n\000d}{appendix.a.A}% 25
\BOOKMARK [1][]{appendix.a.B}{\376\377\000R\000o\000t\000a\000t\000i\000o\000n\000\040\000m\000a\000t\000r\000i\000c\000e\000s\000\040\000a\000n\000d\000\040\000E\000u\000l\000e\000r\000\040\000a\000n\000g\000l\000e\000s}{}% 26
\BOOKMARK [1][]{appendix.a.C}{\376\377\000O\000b\000l\000i\000q\000u\000i\000t\000y\000\040\000a\000n\000d\000\040\000o\000r\000b\000i\000t\000a\000l\000\040\000p\000a\000r\000a\000m\000e\000t\000e\000r\000s}{}% 27
\BOOKMARK [2][]{subsection.a.C.1}{\376\377\000O\000b\000l\000i\000q\000u\000i\000t\000y}{appendix.a.C}% 28
\BOOKMARK [2][]{subsection.a.C.2}{\376\377\000I\000n\000c\000l\000i\000n\000a\000t\000i\000o\000n}{appendix.a.C}% 29
\BOOKMARK [2][]{subsection.a.C.3}{\376\377\000A\000r\000g\000u\000m\000e\000n\000t\000\040\000o\000f\000\040\000l\000a\000t\000i\000t\000u\000d\000e}{appendix.a.C}% 30
\BOOKMARK [2][]{subsection.a.C.4}{\376\377\000L\000o\000n\000g\000i\000t\000u\000d\000e\000\040\000o\000f\000\040\000t\000h\000e\000\040\000a\000s\000c\000e\000n\000d\000i\000n\000g\000\040\000n\000o\000d\000e}{appendix.a.C}% 31
\BOOKMARK [1][]{appendix.a.D}{\376\377\000G\000e\000n\000e\000r\000i\000c\000\040\000F\000r\000a\000m\000e\000\040\000F\000o\000r\000m\000u\000l\000a\000t\000i\000o\000n}{}% 32
\BOOKMARK [2][]{subsection.a.D.1}{\376\377\000T\000h\000e\000\040\000C\000o\000m\000p\000o\000n\000e\000n\000t\000s\000\040\000o\000f\000\040\000t\000h\000e\000\040\000M\000e\000t\000r\000i\000c\000\040\000T\000e\000n\000s\000o\000r}{appendix.a.D}% 33
\BOOKMARK [2][]{subsection.a.D.2}{\376\377\000C\000h\000r\000i\000s\000t\000o\000f\000f\000e\000l\000\040\000s\000y\000m\000b\000o\000l\000\040\000o\000f\000\040\000t\000h\000e\000\040\000f\000i\000r\000s\000t\000\040\000k\000i\000n\000d\000\040\000i\000j\000k}{appendix.a.D}% 34
\BOOKMARK [2][]{subsection.a.D.3}{\376\377\000C\000h\000r\000i\000s\000t\000o\000f\000f\000e\000l\000\040\000s\000y\000m\000b\000o\000l\000\040\000o\000f\000\040\000t\000h\000e\000\040\000s\000e\000c\000o\000n\000d\000\040\000k\000i\000n\000d\000\040\000i\000j\000k}{appendix.a.D}% 35
